<?xml version="1.0" encoding="UTF-8"?>
<!-- Generated by org.testng.reporters.JUnitReportReporter -->
<testsuite skipped="0" hostname="P1220105" name="tnrTC.AD_DEP.AD_DEP_001_FON" tests="1" failures="0" timestamp="24 oct. 2023 16:09:31 GMT" time="1.638" errors="0">
  <testcase name="verifierInfoAPropos" time="1.638" classname="tnrTC.AD_DEP.AD_DEP_001_FON"/>
</testsuite> <!-- tnrTC.AD_DEP.AD_DEP_001_FON -->
