<?xml version="1.0" encoding="UTF-8"?>
<!-- Generated by org.testng.reporters.JUnitReportReporter -->
<testsuite skipped="0" hostname="P1220105" name="tnrTC.AD_SEC.AD_SEC_001_FON_01" tests="1" failures="0" timestamp="24 oct. 2023 16:09:32 GMT" time="3.880" errors="0">
  <testcase name="ouvrirSessionAvecMdpValide" time="3.880" classname="tnrTC.AD_SEC.AD_SEC_001_FON_01"/>
</testsuite> <!-- tnrTC.AD_SEC.AD_SEC_001_FON_01 -->
