<?xml version="1.0" encoding="UTF-8"?>
<!-- Generated by org.testng.reporters.JUnitReportReporter -->
<testsuite skipped="0" hostname="P1220105" name="tnrTC.AD_DEP.AD_DEP_001_FON" tests="1" failures="0" timestamp="25 oct. 2023 08:12:20 GMT" time="1.990" errors="0">
  <testcase name="verifierInfoAPropos" time="1.990" classname="tnrTC.AD_DEP.AD_DEP_001_FON"/>
</testsuite> <!-- tnrTC.AD_DEP.AD_DEP_001_FON -->
