<?xml version="1.0" encoding="UTF-8"?>
<!-- Generated by org.testng.reporters.JUnitReportReporter -->
<testsuite skipped="0" hostname="P1220105" name="tnrTC.AD_SEC.AD_SEC_001_FON_03" tests="1" failures="0" timestamp="24 oct. 2023 16:09:32 GMT" time="6.054" errors="0">
  <testcase name="ouvrirSessionAvecReconnectionOUI" time="6.054" classname="tnrTC.AD_SEC.AD_SEC_001_FON_03"/>
</testsuite> <!-- tnrTC.AD_SEC.AD_SEC_001_FON_03 -->
